# JRE version: Java(TM) SE Runtime Environment (7.0_65-b17) (build 1.7.0_65-b17)
# Java VM: Java HotSpot(TM) 64-Bit Server VM (24.65-b04 mixed mode bsd-amd64 compressed oops)
Heap
 PSYoungGen      total 153600K, used 64765K [0x00000007f5500000, 0x0000000800000000, 0x0000000800000000)
  eden space 132096K, 32% used [0x00000007f5500000,0x00000007f7f3f810,0x00000007fd600000)
  from space 21504K, 99% used [0x00000007feb00000,0x00000007fffffd58,0x0000000800000000)
  to   space 21504K, 0% used [0x00000007fd600000,0x00000007fd600000,0x00000007feb00000)
 ParOldGen       total 349184K, used 16681K [0x00000007e0000000, 0x00000007f5500000, 0x00000007f5500000)
  object space 349184K, 4% used [0x00000007e0000000,0x00000007e104a570,0x00000007f5500000)
 PSPermGen       total 21504K, used 11344K [0x00000007dae00000, 0x00000007dc300000, 0x00000007e0000000)
  object space 21504K, 52% used [0x00000007dae00000,0x00000007db914358,0x00000007dc300000)
GC Heap History (4 events):
Event: 1.760 GC heap before
{Heap before GC invocations=1 (full 0):
 PSYoungGen      total 153600K, used 132096K [0x00000007f5500000, 0x0000000800000000, 0x0000000800000000)
  eden space 132096K, 100% used [0x00000007f5500000,0x00000007fd600000,0x00000007fd600000)
  from space 21504K, 0% used [0x00000007feb00000,0x00000007feb00000,0x0000000800000000)
  to   space 21504K, 0% used [0x00000007fd600000,0x00000007fd600000,0x00000007feb00000)
 ParOldGen       total 349184K, used 0K [0x00000007e0000000, 0x00000007f5500000, 0x00000007f5500000)
  object space 349184K, 0% used [0x00000007e0000000,0x00000007e0000000,0x00000007f5500000)
 PSPermGen       total 21504K, used 9749K [0x00000007dae00000, 0x00000007dc300000, 0x00000007e0000000)
  object space 21504K, 45% used [0x00000007dae00000,0x00000007db785560,0x00000007dc300000)
Event: 1.778 GC heap after
Heap after GC invocations=1 (full 0):
 PSYoungGen      total 153600K, used 21502K [0x00000007f5500000, 0x0000000800000000, 0x0000000800000000)
  eden space 132096K, 0% used [0x00000007f5500000,0x00000007f5500000,0x00000007fd600000)
  from space 21504K, 99% used [0x00000007fd600000,0x00000007feaff990,0x00000007feb00000)
  to   space 21504K, 0% used [0x00000007feb00000,0x00000007feb00000,0x0000000800000000)
 ParOldGen       total 349184K, used 9923K [0x00000007e0000000, 0x00000007f5500000, 0x00000007f5500000)
  object space 349184K, 2% used [0x00000007e0000000,0x00000007e09b0da0,0x00000007f5500000)
 PSPermGen       total 21504K, used 9749K [0x00000007dae00000, 0x00000007dc300000, 0x00000007e0000000)
  object space 21504K, 45% used [0x00000007dae00000,0x00000007db785560,0x00000007dc300000)
}
Event: 4.588 GC heap before
{Heap before GC invocations=2 (full 0):
 PSYoungGen      total 153600K, used 153598K [0x00000007f5500000, 0x0000000800000000, 0x0000000800000000)
  eden space 132096K, 100% used [0x00000007f5500000,0x00000007fd600000,0x00000007fd600000)
  from space 21504K, 99% used [0x00000007fd600000,0x00000007feaff990,0x00000007feb00000)
  to   space 21504K, 0% used [0x00000007feb00000,0x00000007feb00000,0x0000000800000000)
 ParOldGen       total 349184K, used 9923K [0x00000007e0000000, 0x00000007f5500000, 0x00000007f5500000)
  object space 349184K, 2% used [0x00000007e0000000,0x00000007e09b0da0,0x00000007f5500000)
 PSPermGen       total 21504K, used 11314K [0x00000007dae00000, 0x00000007dc300000, 0x00000007e0000000)
  object space 21504K, 52% used [0x00000007dae00000,0x00000007db90c828,0x00000007dc300000)
Event: 4.606 GC heap after
Heap after GC invocations=2 (full 0):
 PSYoungGen      total 153600K, used 21503K [0x00000007f5500000, 0x0000000800000000, 0x0000000800000000)
  eden space 132096K, 0% used [0x00000007f5500000,0x00000007f5500000,0x00000007fd600000)
  from space 21504K, 99% used [0x00000007feb00000,0x00000007fffffd58,0x0000000800000000)
  to   space 21504K, 0% used [0x00000007fd600000,0x00000007fd600000,0x00000007feb00000)
 ParOldGen       total 349184K, used 16681K [0x00000007e0000000, 0x00000007f5500000, 0x00000007f5500000)
  object space 349184K, 4% used [0x00000007e0000000,0x00000007e104a570,0x00000007f5500000)
 PSPermGen       total 21504K, used 11314K [0x00000007dae00000, 0x00000007dc300000, 0x00000007e0000000)
  object space 21504K, 52% used [0x00000007dae00000,0x00000007db90c828,0x00000007dc300000)
}

