# JRE version: Java(TM) SE Runtime Environment (7.0_65-b17) (build 1.7.0_65-b17)
# Java VM: Java HotSpot(TM) 64-Bit Server VM (24.65-b04 mixed mode bsd-amd64 compressed oops)
Heap
 PSYoungGen      total 153600K, used 64746K [0x00000007f5500000, 0x0000000800000000, 0x0000000800000000)
  eden space 132096K, 32% used [0x00000007f5500000,0x00000007f7f3f660,0x00000007fd600000)
  from space 21504K, 99% used [0x00000007feb00000,0x00000007ffffb250,0x0000000800000000)
  to   space 21504K, 0% used [0x00000007fd600000,0x00000007fd600000,0x00000007feb00000)
 ParOldGen       total 349184K, used 16726K [0x00000007e0000000, 0x00000007f5500000, 0x00000007f5500000)
  object space 349184K, 4% used [0x00000007e0000000,0x00000007e1055960,0x00000007f5500000)
 PSPermGen       total 21504K, used 11345K [0x00000007dae00000, 0x00000007dc300000, 0x00000007e0000000)
  object space 21504K, 52% used [0x00000007dae00000,0x00000007db914550,0x00000007dc300000)
GC Heap History (4 events):
Event: 1.762 GC heap before
{Heap before GC invocations=1 (full 0):
 PSYoungGen      total 153600K, used 132096K [0x00000007f5500000, 0x0000000800000000, 0x0000000800000000)
  eden space 132096K, 100% used [0x00000007f5500000,0x00000007fd600000,0x00000007fd600000)
  from space 21504K, 0% used [0x00000007feb00000,0x00000007feb00000,0x0000000800000000)
  to   space 21504K, 0% used [0x00000007fd600000,0x00000007fd600000,0x00000007feb00000)
 ParOldGen       total 349184K, used 0K [0x00000007e0000000, 0x00000007f5500000, 0x00000007f5500000)
  object space 349184K, 0% used [0x00000007e0000000,0x00000007e0000000,0x00000007f5500000)
 PSPermGen       total 21504K, used 9748K [0x00000007dae00000, 0x00000007dc300000, 0x00000007e0000000)
  object space 21504K, 45% used [0x00000007dae00000,0x00000007db785398,0x00000007dc300000)
Event: 1.812 GC heap after
Heap after GC invocations=1 (full 0):
 PSYoungGen      total 153600K, used 21502K [0x00000007f5500000, 0x0000000800000000, 0x0000000800000000)
  eden space 132096K, 0% used [0x00000007f5500000,0x00000007f5500000,0x00000007fd600000)
  from space 21504K, 99% used [0x00000007fd600000,0x00000007feaff990,0x00000007feb00000)
  to   space 21504K, 0% used [0x00000007feb00000,0x00000007feb00000,0x0000000800000000)
 ParOldGen       total 349184K, used 9928K [0x00000007e0000000, 0x00000007f5500000, 0x00000007f5500000)
  object space 349184K, 2% used [0x00000007e0000000,0x00000007e09b2150,0x00000007f5500000)
 PSPermGen       total 21504K, used 9748K [0x00000007dae00000, 0x00000007dc300000, 0x00000007e0000000)
  object space 21504K, 45% used [0x00000007dae00000,0x00000007db785398,0x00000007dc300000)
}
Event: 4.620 GC heap before
{Heap before GC invocations=2 (full 0):
 PSYoungGen      total 153600K, used 153598K [0x00000007f5500000, 0x0000000800000000, 0x0000000800000000)
  eden space 132096K, 100% used [0x00000007f5500000,0x00000007fd600000,0x00000007fd600000)
  from space 21504K, 99% used [0x00000007fd600000,0x00000007feaff990,0x00000007feb00000)
  to   space 21504K, 0% used [0x00000007feb00000,0x00000007feb00000,0x0000000800000000)
 ParOldGen       total 349184K, used 9928K [0x00000007e0000000, 0x00000007f5500000, 0x00000007f5500000)
  object space 349184K, 2% used [0x00000007e0000000,0x00000007e09b2150,0x00000007f5500000)
 PSPermGen       total 21504K, used 11315K [0x00000007dae00000, 0x00000007dc300000, 0x00000007e0000000)
  object space 21504K, 52% used [0x00000007dae00000,0x00000007db90cce0,0x00000007dc300000)
Event: 4.638 GC heap after
Heap after GC invocations=2 (full 0):
 PSYoungGen      total 153600K, used 21484K [0x00000007f5500000, 0x0000000800000000, 0x0000000800000000)
  eden space 132096K, 0% used [0x00000007f5500000,0x00000007f5500000,0x00000007fd600000)
  from space 21504K, 99% used [0x00000007feb00000,0x00000007ffffb250,0x0000000800000000)
  to   space 21504K, 0% used [0x00000007fd600000,0x00000007fd600000,0x00000007feb00000)
 ParOldGen       total 349184K, used 16726K [0x00000007e0000000, 0x00000007f5500000, 0x00000007f5500000)
  object space 349184K, 4% used [0x00000007e0000000,0x00000007e1055960,0x00000007f5500000)
 PSPermGen       total 21504K, used 11315K [0x00000007dae00000, 0x00000007dc300000, 0x00000007e0000000)
  object space 21504K, 52% used [0x00000007dae00000,0x00000007db90cce0,0x00000007dc300000)
}

